<?xml version="1.0" encoding="UTF-8"?>
<testng-results ignored="0" total="4" passed="3" failed="1" skipped="0">
  <reporter-output>
  </reporter-output>
  <suite started-at="2025-07-13T00:45:42 BDT" name="Reading Browser Details From TESTNG xml" finished-at="2025-07-13T00:45:42 BDT" duration-ms="61">
    <groups>
      <group name="bvt">
        <method signature="GroupDemoTest.bTest3()[pri:0, instance:ui.GroupDemoTest@302552ec]" name="bTest3" class="ui.GroupDemoTest"/>
        <method signature="GroupDemoTest.bTest4()[pri:0, instance:ui.GroupDemoTest@302552ec]" name="bTest4" class="ui.GroupDemoTest"/>
      </group> <!-- bvt -->
      <group name="user-registration">
        <method signature="GroupDemoTest.bTest3()[pri:0, instance:ui.GroupDemoTest@302552ec]" name="bTest3" class="ui.GroupDemoTest"/>
        <method signature="GroupDemoTest.bTest4()[pri:0, instance:ui.GroupDemoTest@302552ec]" name="bTest4" class="ui.GroupDemoTest"/>
        <method signature="GroupDemoTest.aTest1()[pri:1, instance:ui.GroupDemoTest@302552ec]" name="aTest1" class="ui.GroupDemoTest"/>
        <method signature="GroupDemoTest.bTest2()[pri:2, instance:ui.GroupDemoTest@302552ec]" name="bTest2" class="ui.GroupDemoTest"/>
      </group> <!-- user-registration -->
      <group name="regression">
        <method signature="GroupDemoTest.bTest3()[pri:0, instance:ui.GroupDemoTest@302552ec]" name="bTest3" class="ui.GroupDemoTest"/>
        <method signature="GroupDemoTest.aTest1()[pri:1, instance:ui.GroupDemoTest@302552ec]" name="aTest1" class="ui.GroupDemoTest"/>
        <method signature="GroupDemoTest.bTest2()[pri:2, instance:ui.GroupDemoTest@302552ec]" name="bTest2" class="ui.GroupDemoTest"/>
      </group> <!-- regression -->
    </groups>
    <test started-at="2025-07-13T00:45:42 BDT" name="Reading Browser Details From TESTNG xml" finished-at="2025-07-13T00:45:42 BDT" duration-ms="61">
      <class name="ui.GroupDemoTest">
        <test-method is-config="true" signature="dataSetup()[pri:0, instance:ui.GroupDemoTest@302552ec]" started-at="2025-07-13T00:45:42 BDT" name="dataSetup" finished-at="2025-07-13T00:45:42 BDT" duration-ms="6" status="PASS">
          <reporter-output>
          </reporter-output>
        </test-method> <!-- dataSetup -->
        <test-method is-config="true" signature="beforeClass()[pri:0, instance:ui.GroupDemoTest@302552ec]" started-at="2025-07-13T00:45:42 BDT" name="beforeClass" finished-at="2025-07-13T00:45:42 BDT" duration-ms="0" status="PASS">
          <reporter-output>
          </reporter-output>
        </test-method> <!-- beforeClass -->
        <test-method signature="bTest3()[pri:0, instance:ui.GroupDemoTest@302552ec]" started-at="2025-07-13T00:45:42 BDT" name="bTest3" finished-at="2025-07-13T00:45:42 BDT" duration-ms="7" status="PASS">
          <reporter-output>
          </reporter-output>
        </test-method> <!-- bTest3 -->
        <test-method is-config="true" signature="beforeGroup()[pri:0, instance:ui.GroupDemoTest@302552ec]" started-at="2025-07-13T00:45:42 BDT" name="beforeGroup" finished-at="2025-07-13T00:45:42 BDT" duration-ms="0" status="PASS">
          <reporter-output>
          </reporter-output>
        </test-method> <!-- beforeGroup -->
        <test-method signature="bTest4()[pri:0, instance:ui.GroupDemoTest@302552ec]" started-at="2025-07-13T00:45:42 BDT" name="bTest4" finished-at="2025-07-13T00:45:42 BDT" duration-ms="9" status="FAIL">
          <exception class="java.lang.AssertionError">
            <message>
              <![CDATA[expected [true] but found [false]]]>
            </message>
            <full-stacktrace>
              <![CDATA[java.lang.AssertionError: expected [true] but found [false]
at org.testng.Assert.fail(Assert.java:111)
at org.testng.Assert.failNotEquals(Assert.java:1590)
at org.testng.Assert.assertTrue(Assert.java:57)
at org.testng.Assert.assertTrue(Assert.java:67)
at ui.GroupDemoTest.bTest4(GroupDemoTest.java:53)
at java.base/jdk.internal.reflect.DirectMethodHandleAccessor.invoke(DirectMethodHandleAccessor.java:103)
at java.base/java.lang.reflect.Method.invoke(Method.java:580)
at org.testng.internal.invokers.MethodInvocationHelper.invokeMethod(MethodInvocationHelper.java:141)
at org.testng.internal.invokers.TestInvoker.invokeMethod(TestInvoker.java:687)
at org.testng.internal.invokers.TestInvoker.invokeTestMethod(TestInvoker.java:230)
at org.testng.internal.invokers.MethodRunner.runInSequence(MethodRunner.java:63)
at org.testng.internal.invokers.TestInvoker$MethodInvocationAgent.invoke(TestInvoker.java:995)
at org.testng.internal.invokers.TestInvoker.invokeTestMethods(TestInvoker.java:203)
at org.testng.internal.invokers.TestMethodWorker.invokeTestMethods(TestMethodWorker.java:154)
at org.testng.internal.invokers.TestMethodWorker.run(TestMethodWorker.java:134)
at java.base/java.util.ArrayList.forEach(ArrayList.java:1596)
at org.testng.TestRunner.privateRun(TestRunner.java:741)
at org.testng.TestRunner.run(TestRunner.java:616)
at org.testng.SuiteRunner.runTest(SuiteRunner.java:421)
at org.testng.SuiteRunner.runSequentially(SuiteRunner.java:413)
at org.testng.SuiteRunner.privateRun(SuiteRunner.java:373)
at org.testng.SuiteRunner.run(SuiteRunner.java:312)
at org.testng.SuiteRunnerWorker.runSuite(SuiteRunnerWorker.java:52)
at org.testng.SuiteRunnerWorker.run(SuiteRunnerWorker.java:95)
at org.testng.TestNG.runSuitesSequentially(TestNG.java:1274)
at org.testng.TestNG.runSuitesLocally(TestNG.java:1208)
at org.testng.TestNG.runSuites(TestNG.java:1112)
at org.testng.TestNG.run(TestNG.java:1079)
at org.testng.remote.AbstractRemoteTestNG.run(AbstractRemoteTestNG.java:115)
at org.testng.remote.RemoteTestNG.initAndRun(RemoteTestNG.java:293)
at org.testng.remote.RemoteTestNG.main(RemoteTestNG.java:91)
]]>
            </full-stacktrace>
          </exception> <!-- java.lang.AssertionError -->
          <reporter-output>
          </reporter-output>
        </test-method> <!-- bTest4 -->
        <test-method signature="aTest1()[pri:1, instance:ui.GroupDemoTest@302552ec]" started-at="2025-07-13T00:45:42 BDT" name="aTest1" finished-at="2025-07-13T00:45:42 BDT" duration-ms="1" status="PASS">
          <reporter-output>
          </reporter-output>
        </test-method> <!-- aTest1 -->
        <test-method signature="bTest2()[pri:2, instance:ui.GroupDemoTest@302552ec]" started-at="2025-07-13T00:45:42 BDT" name="bTest2" finished-at="2025-07-13T00:45:42 BDT" duration-ms="1" status="PASS">
          <reporter-output>
          </reporter-output>
        </test-method> <!-- bTest2 -->
        <test-method is-config="true" signature="afterGroup()[pri:0, instance:ui.GroupDemoTest@302552ec]" started-at="2025-07-13T00:45:42 BDT" name="afterGroup" finished-at="2025-07-13T00:45:42 BDT" duration-ms="0" status="PASS">
          <reporter-output>
          </reporter-output>
        </test-method> <!-- afterGroup -->
        <test-method is-config="true" signature="afterClass()[pri:0, instance:ui.GroupDemoTest@302552ec]" started-at="2025-07-13T00:45:42 BDT" name="afterClass" finished-at="2025-07-13T00:45:42 BDT" duration-ms="0" status="PASS">
          <reporter-output>
          </reporter-output>
        </test-method> <!-- afterClass -->
        <test-method is-config="true" signature="dataTeardown()[pri:0, instance:ui.GroupDemoTest@302552ec]" started-at="2025-07-13T00:45:43 BDT" name="dataTeardown" finished-at="2025-07-13T00:45:43 BDT" duration-ms="1" status="PASS">
          <reporter-output>
          </reporter-output>
        </test-method> <!-- dataTeardown -->
      </class> <!-- ui.GroupDemoTest -->
    </test> <!-- Reading Browser Details From TESTNG xml -->
  </suite> <!-- Reading Browser Details From TESTNG xml -->
</testng-results>
