<?xml version="1.0" encoding="UTF-8"?>
<!-- Generated by org.testng.reporters.JUnitXMLReporter -->
<testsuite ignored="4" hostname="RogerThatTan" failures="2" tests="12" name="Functional Testing" time="5.872" errors="0" timestamp="2025-07-12T21:14:38 BDT">
  <testcase classname="ui.VerifyTitleAndText" name="titleTest" time="3.207">
    <failure type="java.lang.AssertionError" message="The following asserts failed:
	Title Verification Failed expected [Electronics, errCars, Fashion, Collectibles &amp;amp; More | eBay] but found [Electronics, Cars, Fashion, Collectibles &amp;amp; More | eBay]">
      <![CDATA[java.lang.AssertionError: The following asserts failed:
Title Verification Failed expected [Electronics, errCars, Fashion, Collectibles & More | eBay] but found [Electronics, Cars, Fashion, Collectibles & More | eBay]
at ui.VerifyTitleAndText.titleTest(VerifyTitleAndText.java:34)
at java.base/java.util.ArrayList.forEach(ArrayList.java:1596)
... Removed 28 stack frames]]>
    </failure>
  </testcase> <!-- titleTest -->
  <testcase classname="ui.LoginTest" name="loginTest" time="0.0"/>
  <testcase classname="ui.LoginTest" name="logoutTest" time="0.001"/>
  <testcase classname="ui.VerifyTitleTest" name="titleTest" time="2.599">
    <failure type="java.lang.AssertionError" message="expected [Electronics, Cars, KolaFashion, Collectibles &amp;amp; More | eBay] but found [Electronics, Cars, Fashion, Collectibles &amp;amp; More | eBay]">
      <![CDATA[java.lang.AssertionError: expected [Electronics, Cars, KolaFashion, Collectibles & More | eBay] but found [Electronics, Cars, Fashion, Collectibles & More | eBay]
at ui.VerifyTitleTest.titleTest(VerifyTitleTest.java:23)
at java.base/java.util.ArrayList.forEach(ArrayList.java:1596)
... Removed 32 stack frames]]>
    </failure>
  </testcase> <!-- titleTest -->
  <testcase classname="ui.GroupDemoTest" name="bTest3" time="0.001"/>
  <testcase classname="ui.GroupDemoTest" name="bTest4" time="0.001"/>
  <testcase classname="ui.GroupDemoTest" name="aTest1" time="0.001"/>
  <testcase classname="ui.GroupDemoTest" name="bTest2" time="0.001"/>
  <testcase classname="ui.GroupDemoTest2" name="bTest3" time="0.001"/>
  <testcase classname="ui.GroupDemoTest2" name="bTest4" time="0.0"/>
  <testcase classname="ui.GroupDemoTest2" name="aTest1" time="0.001"/>
  <testcase classname="ui.GroupDemoTest2" name="bTest2" time="0.001"/>
  <testcase classname="common.CommonDataSetup" name="@BeforeSuite dataSetup" time="0.0">
    <ignored/>
  </testcase> <!-- @BeforeSuite dataSetup -->
  <testcase classname="common.CommonDataSetup" name="@AfterSuite dataTeardown" time="0.0">
    <ignored/>
  </testcase> <!-- @AfterSuite dataTeardown -->
  <testcase classname="common.CommonDataSetup" name="@BeforeSuite dataSetup" time="0.0">
    <ignored/>
  </testcase> <!-- @BeforeSuite dataSetup -->
  <testcase classname="common.CommonDataSetup" name="@AfterSuite dataTeardown" time="0.0">
    <ignored/>
  </testcase> <!-- @AfterSuite dataTeardown -->
</testsuite> <!-- Functional Testing -->
